Running: /opt/Xilinx/14.7/ISE_DS/ISE/bin/lin64/unwrapped/fuse -intstyle ise -incremental -lib secureip -o /home/ise/Downloads/digital/bct/Binary_Counter_isim_beh.exe -prj /home/ise/Downloads/digital/bct/Binary_Counter_beh.prj work.Binary_Counter 
ISim P.20131013 (signature 0xfbc00daa)
Number of CPUs detected in this system: 4
Turning on mult-threading, number of parallel sub-compilation jobs: 8 
Determining compilation order of HDL files
Parsing VHDL file "/home/ise/Downloads/digital/bct/bct.vhd" into library work
Starting static elaboration
Completed static elaboration
Fuse Memory Usage: 95304 KB
Fuse CPU Usage: 1430 ms
Compiling package standard
Compiling package std_logic_1164
Compiling architecture behavioral of entity binary_counter
Time Resolution for simulation is 1ps.
Waiting for 1 sub-compilation(s) to finish...
Compiled 3 VHDL Units
Built simulation executable /home/ise/Downloads/digital/bct/Binary_Counter_isim_beh.exe
Fuse Memory Usage: 659124 KB
Fuse CPU Usage: 1670 ms
GCC CPU Usage: 950 ms
